[2026-05-11T16:48:36.618Z] GET http://localhost:3005/pricing → 200 (270ms, 77774B)
[2026-05-11T16:48:36.976Z] GET http://localhost:3005/_next/image?url=https%3A%2F%2Fadvancedtax.com.au%2Fwp-content%2Fuploads%2F2025%2F07%2Fadvancetax1.png&w=256&q=75 → 200 (25ms, 5598B)
[2026-05-11T16:48:36.976Z] GET http://localhost:3005/_next/image?url=https%3A%2F%2Fimages.unsplash.com%2Fphoto-1554224154-26032ffc0d07%3Fauto%3Dformat%26fit%3Dcrop%26w%3D1500%26q%3D82&w=750&q=75 → 200 (29ms, 19504B)
[2026-05-11T16:48:36.979Z] GET http://localhost:3005/_next/static/chunks/app_globals_0jn8.0u.css → 200 (32ms, 64621B)
[2026-05-11T16:48:36.979Z] GET http://localhost:3005/_next/static/chunks/%5Bturbopack%5D_browser_dev_hmr-client_hmr-client_ts_10z625~._.js → 200 (75ms, 675B)
[2026-05-11T16:48:36.980Z] GET http://localhost:3005/_next/static/chunks/node_modules_next_dist_compiled_next-devtools_index_0553esy.js → 200 (212ms, ?B)
[2026-05-11T16:48:36.980Z] GET http://localhost:3005/_next/static/chunks/node_modules_next_dist_compiled_react-dom_058-ah~._.js → 200 (220ms, ?B)
[2026-05-11T16:48:36.980Z] GET http://localhost:3005/_next/static/chunks/node_modules_next_dist_compiled_react-server-dom-turbopack_0p3wegg._.js → 200 (184ms, 174634B)
[2026-05-11T16:48:36.980Z] GET http://localhost:3005/_next/static/chunks/node_modules_next_dist_compiled_0rpq4pf._.js → 200 (82ms, 144344B)
[2026-05-11T16:48:36.980Z] GET http://localhost:3005/_next/static/chunks/node_modules_next_dist_client_0fhqo1d._.js → 200 (214ms, ?B)
[2026-05-11T16:48:36.980Z] GET http://localhost:3005/_next/static/chunks/node_modules_next_dist_115brz8._.js → 200 (206ms, 246103B)
[2026-05-11T16:48:36.980Z] GET http://localhost:3005/_next/static/chunks/node_modules_%40swc_helpers_cjs_0-4ujiy._.js → 200 (205ms, 1984B)
[2026-05-11T16:48:36.980Z] GET http://localhost:3005/_next/static/chunks/_0rqeker._.js → 200 (203ms, 756B)
[2026-05-11T16:48:36.980Z] GET http://localhost:3005/_next/static/chunks/turbopack-_0p44nws._.js → 200 (212ms, ?B)
[2026-05-11T16:48:36.981Z] GET http://localhost:3005/_next/static/chunks/node_modules_next_0een3qa._.js → 200 (218ms, ?B)
[2026-05-11T16:48:36.981Z] GET http://localhost:3005/_next/static/chunks/node_modules_framer-motion_dist_es_03co3hq._.js → 200 (213ms, ?B)
[2026-05-11T16:48:36.981Z] GET http://localhost:3005/_next/static/chunks/node_modules_motion-dom_dist_es_0oitghd._.js → 200 (220ms, ?B)
[2026-05-11T16:48:36.981Z] GET http://localhost:3005/_next/static/chunks/node_modules_0uhcug7._.js → 200 (214ms, ?B)
[2026-05-11T16:48:36.984Z] GET http://localhost:3005/_next/static/chunks/_0ybro5b._.js → 200 (211ms, ?B)
[2026-05-11T16:48:36.984Z] GET http://localhost:3005/_next/static/chunks/app_layout_tsx_004glpo._.js → 200 (211ms, ?B)
[2026-05-11T16:48:36.984Z] GET http://localhost:3005/_next/static/chunks/_0yo4djw._.js → 200 (216ms, ?B)
[2026-05-11T16:48:36.984Z] GET http://localhost:3005/_next/static/chunks/app_pricing_page_tsx_0-wmmem._.js → 200 (211ms, ?B)
[2026-05-11T16:48:36.984Z] GET http://localhost:3005/_next/static/chunks/node_modules_next_dist_client_components_builtin_global-error_0-wmmem.js → 200 (211ms, ?B)
[2026-05-11T16:48:37.623Z] GET http://localhost:3005/_next/static/chunks/%5Bturbopack%5D_browser_dev_hmr-client_hmr-client_ts_0yjw1oe._.js → 200 (136ms, 15615B)
[2026-05-11T16:48:37.623Z] GET http://localhost:3005/_next/static/chunks/%5Bturbopack%5D_browser_dev_hmr-client_hmr-client_ts_10mygs7._.js → 200 (136ms, 289B)
[2026-05-11T16:48:38.069Z] GET http://localhost:3005/_next/image?url=https%3A%2F%2Fadvancedtax.com.au%2Fwp-content%2Fuploads%2F2024%2F08%2Fadvancedtaxservices-logo-light.png&w=384&q=75 → 200 (23ms, 17144B)
[2026-05-11T16:48:38.069Z] GET http://localhost:3005/_next/image?url=https%3A%2F%2Fadvancedtax.com.au%2Fwp-content%2Fuploads%2F2024%2F08%2Faccredit-tpb-logo.png&w=96&q=75 → 200 (23ms, 4078B)
[2026-05-11T16:48:38.069Z] GET http://localhost:3005/_next/image?url=https%3A%2F%2Fadvancedtax.com.au%2Fwp-content%2Fuploads%2F2024%2F08%2Faccredit-mfaa-logo.png&w=96&q=75 → 200 (16ms, 3802B)
[2026-05-11T16:48:38.069Z] GET http://localhost:3005/_next/image?url=https%3A%2F%2Fadvancedtax.com.au%2Fwp-content%2Fuploads%2F2024%2F08%2Faccredit-finsia-logo.png&w=96&q=75 → 200 (21ms, 952B)
[2026-05-11T16:48:38.069Z] GET http://localhost:3005/_next/image?url=https%3A%2F%2Fadvancedtax.com.au%2Fwp-content%2Fuploads%2F2024%2F08%2Faccredit-elite-broker-logo.png&w=96&q=75 → 200 (24ms, 3634B)
[2026-05-11T16:48:38.069Z] GET http://localhost:3005/_next/image?url=https%3A%2F%2Fadvancedtax.com.au%2Fwp-content%2Fuploads%2F2024%2F08%2Faccredit-intellitrain-logo-1.png&w=96&q=75 → 200 (25ms, 2598B)
[2026-05-11T17:16:05.621Z] GET http://localhost:3005/__nextjs_font/geist-latin.woff2 → 200 (533ms, ?B)
